  ADDR B1 B2 B3 B4 thrass11.tmp                                     PAGE       1

                   ; 07-Tipo_Examen_DecMilUnidMilCentDecUnid_a_ASCII

                   ; Tomo un nmero de 16 bits y lo guardo en ASCII

                   ; Declaro constantes
                   RAM                     EQU             $0000
                   ROM                     EQU             $8000

                   ; Declaro variables
                                           ORG             RAM
                   NUMERO                  RMB             2
                   DEC_MIL                 RMB             1
                   UNI_MIL                 RMB             1
                   CENTENA                 RMB             1
                   DECENA                  RMB             1
                   UNIDAD                  RMB             1

                   ; Codigo
                                           ORG             ROM
  8000 DC 00                               LDD             NUMERO
  8002 CE 00 0A                            LDX             #0010
  8005 02                                  IDIV                            ; D/
.                  X->X , r->D (B=UNIDAD)
  8006 CB 30                               ADDB            #'0'            ;
.                  UNIDAD + 0 (ASCII) = UNIDAD EN ASCCI
  8008 D7 06                               STAB            UNIDAD
  800A 8F                                  XGDX                            ; X->
.                  D , D->X
  800B CE 00 0A                            LDX             #0010
  800E 02                                  IDIV                            ; D/
.                  X->X , r->D (B=DECENA)
  800F CB 30                               ADDB            #'0'            ;
.                  DECENA + 0 (ASCII) = DECENA EN ASCCI
  8011 D7 05                               STAB            DECENA
  8013 8F                                  XGDX                            ; X->
.                  D , D->X
  8014 CE 00 0A                            LDX             #0010
  8017 02                                  IDIV                            ; D/
.                  X->X , r->D (B=CENTENA)
  8018 CB 30                               ADDB            #'0'            ;
.                  CENTENA + 0 (ASCII) = CENTENA EN ASCCI
  801A D7 04                               STAB            CENTENA
  801C 8F                                  XGDX                            ; X->
.                  D , D->X
  801D CE 00 0A                            LDX             #0010
  8020 02                                  IDIV                            ; D/
.                  X->X , r->D (B=UNI_MIL)
  8021 CB 30                               ADDB            #'0'            ;
.                  UNI_MIL + 0 (ASCII) = UNI_MIL EN ASCCI
  8023 D7 03                               STAB            UNI_MIL
  8025 8F                                  XGDX                            ; X->
.                  D (B=DEC_MIL) , D->X
  8026 CB 30                               ADDB            #'0'            ;
.                  DEC_MIL + 0 (ASCII) = DEC_MIL EN ASCCI
  8028 D7 02                               STAB            DEC_MIL
  802A 20 FE       FIN                     BRA             FIN

                   ; Inicializo variables
                                           ORG             NUMERO
  0000 FF 98                               DW              65432           ;
.                  RANGO: 0 A 65535




  ADDR B1 B2 B3 B4 thrass11.tmp                                     PAGE       2





  Symbol Table 

  DEC_MIL            0002
  RAM                0000
  NUMERO             0000
  DECENA             0005
  UNI_MIL            0003
  UNIDAD             0006
  CENTENA            0004
  FIN                802A
  ROM                8000
