  ADDR B1 B2 B3 B4 C:\Users\Nicolas\Documents\UNLaM\Ingenieria en   PAGE       1

                   ; 14-Ordenar un vector(8 BITS) (DE MENOR A MAYOR SIN SIGNO)

                   ; CONSTANTES
                   RAM                     EQU             $0000
                   ROM                     EQU             $8000

                   ; VARIABLES
                                           ORG             RAM
                   DIR_INI                 RMB             2
                   DIR_FIN                 RMB             2
                   HUBO_INTERCAMBIO        RMB             1

                   ; CODIGO
                                           ORG             ROM
                   BUCLE
  8000 DE 00                               LDX             DIR_INI
  8002 9C 02                               CPX             DIR_FIN
  8004 27 1C                               BEQ             FUERA_BUCLE
  8006 7F 00 04                            CLR             HUBO_INTERCAMBIO
                   BUCLE_INTERNO
  8009 EC 00                               LDD             0,X
  800B 11                                  CBA
.                  ; A-B. SI N=0 A>B
                   ;                       BPL             INTERCAMBIAR
.                  ; ? N = 0
                   ;                       BGE             INTERCAMBIAR
.                  ; ? N (+) V = 0
                   ;                       BGT             INTERCAMBIAR
.                  ; ? Z + (N (+) V) = 0
                   ;                       BLE             INTERCAMBIAR
.                  ; ? Z + (N (+) V) = 1
  800C 22 16                               BHI             INTERCAMBIAR
.                  ; ? C + Z = 0  (ORDENA DE < A > SIN SIGNO)
                   SIG
  800E 08                                  INX
  800F 9C 02                               CPX             DIR_FIN
.                  ; SI X=DIR_FIN -> Z=1
  8011 26 F6                               BNE             BUCLE_INTERNO
  8013 7D 00 04                            TST             HUBO_INTERCAMBIO
.                  ; HUBO_INTERCAMBIO=0
  8016 27 0A                               BEQ             FUERA_BUCLE
  8018 18 DE 02                            LDY             DIR_FIN
  801B 18 09                               DEY
  801D 18 DF 02                            STY             DIR_FIN
.                  ; EN LA ULTIMA POS QUEDA EL MAYOR
  8020 20 DE                               BRA             BUCLE
                   FUERA_BUCLE
  8022 20 FE       FIN                     BRA             FIN

                   INTERCAMBIAR
  8024 A7 01                               STAA            1,X
.                  ; A->M+1
  8026 E7 00                               STAB            0,X
.                  ; B->M
  8028 7C 00 04                            INC             HUBO_INTERCAMBIO
  802B 20 E1                               BRA             SIG



                   ; INICIALIZACION DE VARIABLES
                                           ORG             DIR_INI
  0000 00 10                               DW              $0010
                                           ORG             DIR_FIN
  0002 00 1F                               DW              ($0010+16-1)
                                           ORG             $0010
  ADDR B1 B2 B3 B4 C:\Users\Nicolas\Documents\UNLaM\Ingenieria en   PAGE       2

                   ;                       DB              $10,$50,$30,$80,$A0,
.                  $00,$40,$60,$20,$70,$90,$B0,$C0,$D0,$F0,$E0
  0010 00 10 20 30                         DB              $00,$10,$20,$30,$40,
. 0014 40 50 60 70 $50,$60,$70,$80,$90,$A0,$B0,$C0,$D0,$E0,$F0
. 0018 80 31 A0 B0
. 001C C0 D0 E0 F0

  Symbol Table 

  RAM                0000
  HUBO_INTERCAMBIO   0004
  INTERCAMBIAR       8024
  FUERA_BUCLE        8022
  BUCLE              8000
  DIR_FIN            0002
  FIN                8022
  SIG                800E
  DIR_INI            0000
  BUCLE_INTERNO      8009
  ROM                8000
